<?xml version="1.0" encoding="UTF-8" ?>
<testsuite errors="0" failures="4" hostname="hypnotoad" name="test" skipped="2" tests="10" time="0.033" timestamp="2022-03-23T23:30:24">
  <properties>
[...]
</properties>
  <testcase classname="test" name="passesTestOne" time="0.0" />
  <testcase classname="test" name="passesTestTwo" time="0.0" />
  <testcase classname="test" name="passesTestThree" time="0.0" />
  <testcase classname="test" name="passesTestFour" time="0.0" />
  <testcase classname="test" name="failsTestFive" time="0.002">
    <failure>junit.framework.AssertionFailedError: expected:&lt;42&gt; but was:&lt;43&gt;
	at test.failsTestFive(Unknown Source)
	at java.base/jdk.internal.reflect.NativeMethodAccessorImpl.invoke0(Native Method)
	at java.base/jdk.internal.reflect.NativeMethodAccessorImpl.invoke(NativeMethodAccessorImpl.java:77)
	at java.base/jdk.internal.reflect.DelegatingMethodAccessorImpl.invoke(DelegatingMethodAccessorImpl.java:43)
	at java.base/jdk.internal.reflect.NativeMethodAccessorImpl.invoke0(Native Method)
	at java.base/jdk.internal.reflect.NativeMethodAccessorImpl.invoke(NativeMethodAccessorImpl.java:77)
	at java.base/jdk.internal.reflect.DelegatingMethodAccessorImpl.invoke(DelegatingMethodAccessorImpl.java:43)
</failure>
  </testcase>
  <testcase classname="test" name="failsTestSix" time="0.005">
    <failure type="junit.framework.AssertionFailedError">junit.framework.AssertionFailedError: expected:&lt;99&gt; but was:&lt;98&gt;
	at test.failsTestSix(Unknown Source)
	at java.base/jdk.internal.reflect.NativeMethodAccessorImpl.invoke0(Native Method)
	at java.base/jdk.internal.reflect.NativeMethodAccessorImpl.invoke(NativeMethodAccessorImpl.java:77)
	at java.base/jdk.internal.reflect.DelegatingMethodAccessorImpl.invoke(DelegatingMethodAccessorImpl.java:43)
	at java.base/jdk.internal.reflect.NativeMethodAccessorImpl.invoke0(Native Method)
	at java.base/jdk.internal.reflect.NativeMethodAccessorImpl.invoke(NativeMethodAccessorImpl.java:77)
	at java.base/jdk.internal.reflect.DelegatingMethodAccessorImpl.invoke(DelegatingMethodAccessorImpl.java:43)
</failure>
  </testcase>
  <testcase classname="test" name="failsTestSeven" time="0.001">
    <failure type="junit.framework.AssertionFailedError">junit.framework.AssertionFailedError: expected:&lt;[hello]&gt; but was:&lt;[world]&gt;
	at test.failsTestSeven(Unknown Source)
	at java.base/jdk.internal.reflect.NativeMethodAccessorImpl.invoke0(Native Method)
	at java.base/jdk.internal.reflect.NativeMethodAccessorImpl.invoke(NativeMethodAccessorImpl.java:77)
	at java.base/jdk.internal.reflect.DelegatingMethodAccessorImpl.invoke(DelegatingMethodAccessorImpl.java:43)
	at java.base/jdk.internal.reflect.NativeMethodAccessorImpl.invoke0(Native Method)
	at java.base/jdk.internal.reflect.NativeMethodAccessorImpl.invoke(NativeMethodAccessorImpl.java:77)
	at java.base/jdk.internal.reflect.DelegatingMethodAccessorImpl.invoke(DelegatingMethodAccessorImpl.java:43)
</failure>
  </testcase>
  <testcase classname="test" name="failsTestEight" time="0.002">
    <failure>junit.framework.AssertionFailedError: expected:&lt;[world]&gt; but was:&lt;[hello]&gt;
	at test.failsTestEight(Unknown Source)
	at java.base/jdk.internal.reflect.NativeMethodAccessorImpl.invoke0(Native Method)
	at java.base/jdk.internal.reflect.NativeMethodAccessorImpl.invoke(NativeMethodAccessorImpl.java:77)
	at java.base/jdk.internal.reflect.DelegatingMethodAccessorImpl.invoke(DelegatingMethodAccessorImpl.java:43)
	at java.base/jdk.internal.reflect.NativeMethodAccessorImpl.invoke0(Native Method)
	at java.base/jdk.internal.reflect.NativeMethodAccessorImpl.invoke(NativeMethodAccessorImpl.java:77)
	at java.base/jdk.internal.reflect.DelegatingMethodAccessorImpl.invoke(DelegatingMethodAccessorImpl.java:43)
</failure>
  </testcase>
  <testcase classname="test" name="skipsTestNine" time="0.0">
    <skipped />
  </testcase>
  <testcase classname="test" name="skipsTestTen" time="0.0">
    <skipped />
  </testcase>
  <system-out><![CDATA[]]></system-out>
  <system-err><![CDATA[]]></system-err>
</testsuite>
